生成启动时间为 2018/11/10 10:08:51。
     1>项目“E:\github\navmesh_pathfinder\tile\tile.vcxproj”在节点 2 上(Build 个目标)。
     1>ClCompile:
         D:\Microsoft Visual Studio 12.0\VC\bin\CL.exe /c /Zi /nologo /W3 /WX- /sdl /O2 /Oi /Oy- /GL /D WIN32 /D NDEBUG /D _WINDOWS /D _USRDLL /D TILE_EXPORTS /D _CRT_SECURE_NO_WARNINGS /D _UNICODE /D UNICODE /Gm- /EHsc /MD /GS /Gy /fp:precise /Zc:wchar_t /Zc:forScope /Fo"Release\\" /Fd"Release\vc120.pdb" /Gd /TC /analyze- /errorReport:prompt ..\nav\minheap.c main.c pathfinder.c
         minheap.c
         main.c
         pathfinder.c
     1>pathfinder.c(365): warning C4244: “初始化”: 从“float”转换到“int”，可能丢失数据
     1>pathfinder.c(367): warning C4244: “=”: 从“int”转换到“float”，可能丢失数据
     1>pathfinder.c(403): warning C4244: “初始化”: 从“int”转换到“float”，可能丢失数据
     1>pathfinder.c(406): warning C4244: “函数”: 从“float”转换到“int”，可能丢失数据
     1>pathfinder.c(407): warning C4244: “函数”: 从“float”转换到“int”，可能丢失数据
     1>pathfinder.c(412): warning C4244: “=”: 从“int”转换到“float”，可能丢失数据
     1>pathfinder.c(419): warning C4244: “函数”: 从“float”转换到“int”，可能丢失数据
     1>pathfinder.c(420): warning C4244: “初始化”: 从“int”转换到“float”，可能丢失数据
     1>pathfinder.c(426): warning C4244: “函数”: 从“float”转换到“int”，可能丢失数据
     1>pathfinder.c(427): warning C4244: “函数”: 从“float”转换到“int”，可能丢失数据
     1>pathfinder.c(438): warning C4244: “初始化”: 从“int”转换到“float”，可能丢失数据
     1>pathfinder.c(444): warning C4244: “函数”: 从“float”转换到“int”，可能丢失数据
     1>pathfinder.c(445): warning C4244: “函数”: 从“float”转换到“int”，可能丢失数据
       Link:
         D:\Microsoft Visual Studio 12.0\VC\bin\link.exe /ERRORREPORT:PROMPT /OUT:"E:\github\navmesh_pathfinder\Release\tile.exe" /INCREMENTAL:NO /NOLOGO kernel32.lib user32.lib gdi32.lib winspool.lib comdlg32.lib advapi32.lib shell32.lib ole32.lib oleaut32.lib uuid.lib odbc32.lib odbccp32.lib /MANIFEST /MANIFESTUAC:"level='asInvoker' uiAccess='false'" /manifest:embed /DEBUG /PDB:"E:\github\navmesh_pathfinder\Release\tile.pdb" /SUBSYSTEM:CONSOLE /OPT:REF /OPT:ICF /LTCG /TLBID:1 /DYNAMICBASE /NXCOMPAT /IMPLIB:"E:\github\navmesh_pathfinder\Release\tile.lib" /MACHINE:X86 /SAFESEH Release\minheap.obj
         Release\main.obj
         Release\pathfinder.obj
         正在生成代码
         已完成代码的生成
         tile.vcxproj -> E:\github\navmesh_pathfinder\Release\tile.exe
     1>已完成生成项目“E:\github\navmesh_pathfinder\tile\tile.vcxproj”(Build 个目标)的操作。

生成成功。

已用时间 00:00:00.89
